Build started 23/03/2021 15:29:55.
     1>Project "C:\Users\OPMuser\Documents\micromanager_source_code\micro-manager-master-final\micro-manager-master\TestDeviceAdapters\mmgr-FW103H\ThorlabsFW103H.vcxproj" on node 2 (build target(s)).
     1>InitializeBuildStatus:
         Creating "C:\Users\OPMuser\Documents\micromanager_source_code\micro-manager-master-final\micro-manager-master\TestDeviceAdapters\mmgr-FW103H\build\intermediates\Debug\x64\ThorlabsFW103H\ThorlabsFW103H.unsuccessfulbuild" because "AlwaysCreate" was specified.
       ClCompile:
         C:\Program Files (x86)\Microsoft Visual Studio 10.0\VC\bin\x86_amd64\CL.exe /c /I"C:\Users\OPMuser\Documents\micromanager_source_code\micro-manager-master-final\micro-manager-master\buildscripts\VisualStudio\\..\..\MMDevice" /I"C:\Users\OPMuser\Documents\micromanager_source_code\micro-manager-master-final\micro-manager-master\buildscripts\VisualStudio\\..\..\..\3rdpartypublic\boost-versions\boost_1_55_0" /Zi /nologo /W4 /WX- /Od /D WIN32 /D _DEBUG /D _WINDOWS /D _USRDLL /D THORLABSFW103H_EXPORTS /D MODULE_EXPORTS /D _CRT_SECURE_NO_WARNINGS /D _SCL_SECURE_NO_WARNINGS /D _WINDLL /D _UNICODE /D UNICODE /Gm /EHsc /RTC1 /MDd /GS /fp:precise /Zc:wchar_t /Zc:forScope /Fo"C:\Users\OPMuser\Documents\micromanager_source_code\micro-manager-master-final\micro-manager-master\TestDeviceAdapters\mmgr-FW103H\build\intermediates\Debug\x64\ThorlabsFW103H\\" /Fd"C:\Users\OPMuser\Documents\micromanager_source_code\micro-manager-master-final\micro-manager-master\TestDeviceAdapters\mmgr-FW103H\build\intermediates\Debug\x64\ThorlabsFW103H\vcWindows7.1SDK.pdb" /Gd /TP /wd4127 /wd4290 /errorReport:prompt ThorlabsFW103H.cpp
         ThorlabsFW103H.cpp
     1>c:\users\opmuser\documents\micromanager_source_code\micro-manager-master-final\micro-manager-master\testdeviceadapters\mmgr-fw103h\Thorlabs.MotionControl.Benchtop.StepperMotor.h(49): warning C4480: nonstandard extension used: specifying underlying type for enum 'FT_Status'
     1>c:\users\opmuser\documents\micromanager_source_code\micro-manager-master-final\micro-manager-master\testdeviceadapters\mmgr-fw103h\Thorlabs.MotionControl.Benchtop.StepperMotor.h(73): warning C4480: nonstandard extension used: specifying underlying type for enum 'MOT_TravelModes'
     1>c:\users\opmuser\documents\micromanager_source_code\micro-manager-master-final\micro-manager-master\testdeviceadapters\mmgr-fw103h\Thorlabs.MotionControl.Benchtop.StepperMotor.h(81): warning C4480: nonstandard extension used: specifying underlying type for enum 'MOT_TravelDirection'
     1>c:\users\opmuser\documents\micromanager_source_code\micro-manager-master-final\micro-manager-master\testdeviceadapters\mmgr-fw103h\Thorlabs.MotionControl.Benchtop.StepperMotor.h(89): warning C4480: nonstandard extension used: specifying underlying type for enum 'MOT_HomeLimitSwitchDirection'
     1>c:\users\opmuser\documents\micromanager_source_code\micro-manager-master-final\micro-manager-master\testdeviceadapters\mmgr-fw103h\Thorlabs.MotionControl.Benchtop.StepperMotor.h(97): warning C4480: nonstandard extension used: specifying underlying type for enum 'MOT_DirectionSense'
     1>c:\users\opmuser\documents\micromanager_source_code\micro-manager-master-final\micro-manager-master\testdeviceadapters\mmgr-fw103h\Thorlabs.MotionControl.Benchtop.StepperMotor.h(104): warning C4480: nonstandard extension used: specifying underlying type for enum 'MOT_JogModes'
     1>c:\users\opmuser\documents\micromanager_source_code\micro-manager-master-final\micro-manager-master\testdeviceadapters\mmgr-fw103h\Thorlabs.MotionControl.Benchtop.StepperMotor.h(112): warning C4480: nonstandard extension used: specifying underlying type for enum 'MOT_StopModes'
     1>c:\users\opmuser\documents\micromanager_source_code\micro-manager-master-final\micro-manager-master\testdeviceadapters\mmgr-fw103h\Thorlabs.MotionControl.Benchtop.StepperMotor.h(120): warning C4480: nonstandard extension used: specifying underlying type for enum 'MOT_ButtonModes'
     1>c:\users\opmuser\documents\micromanager_source_code\micro-manager-master-final\micro-manager-master\testdeviceadapters\mmgr-fw103h\Thorlabs.MotionControl.Benchtop.StepperMotor.h(128): warning C4480: nonstandard extension used: specifying underlying type for enum 'MOT_LimitSwitchModes'
     1>c:\users\opmuser\documents\micromanager_source_code\micro-manager-master-final\micro-manager-master\testdeviceadapters\mmgr-fw103h\Thorlabs.MotionControl.Benchtop.StepperMotor.h(145): warning C4480: nonstandard extension used: specifying underlying type for enum 'MOT_LimitSwitchSWModes'
     1>c:\users\opmuser\documents\micromanager_source_code\micro-manager-master-final\micro-manager-master\testdeviceadapters\mmgr-fw103h\Thorlabs.MotionControl.Benchtop.StepperMotor.h(157): warning C4480: nonstandard extension used: specifying underlying type for enum 'MOT_LimitsSoftwareApproachPolicy'
     1>c:\users\opmuser\documents\micromanager_source_code\micro-manager-master-final\micro-manager-master\testdeviceadapters\mmgr-fw103h\Thorlabs.MotionControl.Benchtop.StepperMotor.h(165): warning C4480: nonstandard extension used: specifying underlying type for enum 'MOT_PID_LoopMode'
     1>ThorlabsFW103H.cpp(364): warning C4189: 'i' : local variable is initialized but not referenced
     1>ThorlabsFW103H.cpp(356): warning C4189: 'n' : local variable is initialized but not referenced
     1>ThorlabsFW103H.cpp(455): warning C4244: 'argument' : conversion from 'double' to 'int', possible loss of data
     1>ThorlabsFW103H.cpp(529): warning C4244: '*=' : conversion from 'const double' to 'int', possible loss of data
       ManifestResourceCompile:
         C:\Program Files\Microsoft SDKs\Windows\v7.1\bin\rc.exe /nologo /fo"C:\Users\OPMuser\Documents\micromanager_source_code\micro-manager-master-final\micro-manager-master\TestDeviceAdapters\mmgr-FW103H\build\intermediates\Debug\x64\ThorlabsFW103H\mmgr_dal_ThorlabsFW103H.dll.embed.manifest.res" C:\Users\OPMuser\Documents\micromanager_source_code\micro-manager-master-final\micro-manager-master\TestDeviceAdapters\mmgr-FW103H\build\intermediates\Debug\x64\ThorlabsFW103H\mmgr_dal_ThorlabsFW103H_manifest.rc 
       Link:
         C:\Program Files (x86)\Microsoft Visual Studio 10.0\VC\bin\x86_amd64\link.exe /ERRORREPORT:PROMPT /OUT:"C:\Users\OPMuser\Documents\micromanager_source_code\micro-manager-master-final\micro-manager-master\TestDeviceAdapters\mmgr-FW103H\build\Debug\x64\mmgr_dal_ThorlabsFW103H.dll" /INCREMENTAL /NOLOGO /LIBPATH:"C:\Users\OPMuser\Documents\micromanager_source_code\micro-manager-master-final\micro-manager-master\buildscripts\VisualStudio\\..\..\..\3rdpartypublic\boost-versions\boost_1_55_0-lib-x64" Thorlabs.MotionControl.Benchtop.StepperMotor.lib kernel32.lib user32.lib gdi32.lib winspool.lib comdlg32.lib advapi32.lib shell32.lib ole32.lib oleaut32.lib uuid.lib odbc32.lib odbccp32.lib /MANIFEST /ManifestFile:"C:\Users\OPMuser\Documents\micromanager_source_code\micro-manager-master-final\micro-manager-master\TestDeviceAdapters\mmgr-FW103H\build\intermediates\Debug\x64\ThorlabsFW103H\mmgr_dal_ThorlabsFW103H.dll.intermediate.manifest" /MANIFESTUAC:"level='asInvoker' uiAccess='false'" /DEBUG /PDB:"C:\Users\OPMuser\Documents\micromanager_source_code\micro-manager-master-final\micro-manager-master\TestDeviceAdapters\mmgr-FW103H\build\Debug\x64\mmgr_dal_ThorlabsFW103H.pdb" /SUBSYSTEM:WINDOWS /TLBID:1 /DYNAMICBASE /NXCOMPAT /IMPLIB:"C:\Users\OPMuser\Documents\micromanager_source_code\micro-manager-master-final\micro-manager-master\TestDeviceAdapters\mmgr-FW103H\build\Debug\x64\mmgr_dal_ThorlabsFW103H.lib" /MACHINE:X64 /DLL "C:\Users\OPMuser\Documents\micromanager_source_code\micro-manager-master-final\micro-manager-master\TestDeviceAdapters\mmgr-FW103H\build\intermediates\Debug\x64\ThorlabsFW103H\mmgr_dal_ThorlabsFW103H.dll.embed.manifest.res"
         "C:\Users\OPMuser\Documents\micromanager_source_code\micro-manager-master-final\micro-manager-master\TestDeviceAdapters\mmgr-FW103H\build\intermediates\Debug\x64\ThorlabsFW103H\ThorlabsFW103H.obj"
         "C:\Users\OPMuser\Documents\micromanager_source_code\micro-manager-master-final\micro-manager-master\build\Debug\x64\MMDevice-SharedRuntime.lib"
            Creating library C:\Users\OPMuser\Documents\micromanager_source_code\micro-manager-master-final\micro-manager-master\TestDeviceAdapters\mmgr-FW103H\build\Debug\x64\mmgr_dal_ThorlabsFW103H.lib and object C:\Users\OPMuser\Documents\micromanager_source_code\micro-manager-master-final\micro-manager-master\TestDeviceAdapters\mmgr-FW103H\build\Debug\x64\mmgr_dal_ThorlabsFW103H.exp
         ThorlabsFW103H.vcxproj -> C:\Users\OPMuser\Documents\micromanager_source_code\micro-manager-master-final\micro-manager-master\TestDeviceAdapters\mmgr-FW103H\build\Debug\x64\mmgr_dal_ThorlabsFW103H.dll
       Manifest:
         C:\Program Files\Microsoft SDKs\Windows\v7.1\bin\mt.exe /nologo /verbose /out:"C:\Users\OPMuser\Documents\micromanager_source_code\micro-manager-master-final\micro-manager-master\TestDeviceAdapters\mmgr-FW103H\build\intermediates\Debug\x64\ThorlabsFW103H\mmgr_dal_ThorlabsFW103H.dll.embed.manifest" /manifest "C:\Users\OPMuser\Documents\micromanager_source_code\micro-manager-master-final\micro-manager-master\TestDeviceAdapters\mmgr-FW103H\build\intermediates\Debug\x64\ThorlabsFW103H\mmgr_dal_ThorlabsFW103H.dll.intermediate.manifest"
         C:\Program Files\Microsoft SDKs\Windows\v7.1\bin\rc.exe /nologo /fo"C:\Users\OPMuser\Documents\micromanager_source_code\micro-manager-master-final\micro-manager-master\TestDeviceAdapters\mmgr-FW103H\build\intermediates\Debug\x64\ThorlabsFW103H\mmgr_dal_ThorlabsFW103H.dll.embed.manifest.res" C:\Users\OPMuser\Documents\micromanager_source_code\micro-manager-master-final\micro-manager-master\TestDeviceAdapters\mmgr-FW103H\build\intermediates\Debug\x64\ThorlabsFW103H\mmgr_dal_ThorlabsFW103H_manifest.rc 
       LinkEmbedManifest:
         C:\Program Files (x86)\Microsoft Visual Studio 10.0\VC\bin\x86_amd64\link.exe /ERRORREPORT:PROMPT /OUT:"C:\Users\OPMuser\Documents\micromanager_source_code\micro-manager-master-final\micro-manager-master\TestDeviceAdapters\mmgr-FW103H\build\Debug\x64\mmgr_dal_ThorlabsFW103H.dll" /INCREMENTAL /NOLOGO /LIBPATH:"C:\Users\OPMuser\Documents\micromanager_source_code\micro-manager-master-final\micro-manager-master\buildscripts\VisualStudio\\..\..\..\3rdpartypublic\boost-versions\boost_1_55_0-lib-x64" Thorlabs.MotionControl.Benchtop.StepperMotor.lib kernel32.lib user32.lib gdi32.lib winspool.lib comdlg32.lib advapi32.lib shell32.lib ole32.lib oleaut32.lib uuid.lib odbc32.lib odbccp32.lib /MANIFEST /ManifestFile:"C:\Users\OPMuser\Documents\micromanager_source_code\micro-manager-master-final\micro-manager-master\TestDeviceAdapters\mmgr-FW103H\build\intermediates\Debug\x64\ThorlabsFW103H\mmgr_dal_ThorlabsFW103H.dll.intermediate.manifest" /MANIFESTUAC:"level='asInvoker' uiAccess='false'" /DEBUG /PDB:"C:\Users\OPMuser\Documents\micromanager_source_code\micro-manager-master-final\micro-manager-master\TestDeviceAdapters\mmgr-FW103H\build\Debug\x64\mmgr_dal_ThorlabsFW103H.pdb" /SUBSYSTEM:WINDOWS /TLBID:1 /DYNAMICBASE /NXCOMPAT /IMPLIB:"C:\Users\OPMuser\Documents\micromanager_source_code\micro-manager-master-final\micro-manager-master\TestDeviceAdapters\mmgr-FW103H\build\Debug\x64\mmgr_dal_ThorlabsFW103H.lib" /MACHINE:X64 /DLL "C:\Users\OPMuser\Documents\micromanager_source_code\micro-manager-master-final\micro-manager-master\TestDeviceAdapters\mmgr-FW103H\build\intermediates\Debug\x64\ThorlabsFW103H\mmgr_dal_ThorlabsFW103H.dll.embed.manifest.res"
         "C:\Users\OPMuser\Documents\micromanager_source_code\micro-manager-master-final\micro-manager-master\TestDeviceAdapters\mmgr-FW103H\build\intermediates\Debug\x64\ThorlabsFW103H\ThorlabsFW103H.obj"
         "C:\Users\OPMuser\Documents\micromanager_source_code\micro-manager-master-final\micro-manager-master\build\Debug\x64\MMDevice-SharedRuntime.lib"
            Creating library C:\Users\OPMuser\Documents\micromanager_source_code\micro-manager-master-final\micro-manager-master\TestDeviceAdapters\mmgr-FW103H\build\Debug\x64\mmgr_dal_ThorlabsFW103H.lib and object C:\Users\OPMuser\Documents\micromanager_source_code\micro-manager-master-final\micro-manager-master\TestDeviceAdapters\mmgr-FW103H\build\Debug\x64\mmgr_dal_ThorlabsFW103H.exp
         ThorlabsFW103H.vcxproj -> C:\Users\OPMuser\Documents\micromanager_source_code\micro-manager-master-final\micro-manager-master\TestDeviceAdapters\mmgr-FW103H\build\Debug\x64\mmgr_dal_ThorlabsFW103H.dll
       FinalizeBuildStatus:
         Deleting file "C:\Users\OPMuser\Documents\micromanager_source_code\micro-manager-master-final\micro-manager-master\TestDeviceAdapters\mmgr-FW103H\build\intermediates\Debug\x64\ThorlabsFW103H\ThorlabsFW103H.unsuccessfulbuild".
         Touching "C:\Users\OPMuser\Documents\micromanager_source_code\micro-manager-master-final\micro-manager-master\TestDeviceAdapters\mmgr-FW103H\build\intermediates\Debug\x64\ThorlabsFW103H\ThorlabsFW103H.lastbuildstate".
     1>Done Building Project "C:\Users\OPMuser\Documents\micromanager_source_code\micro-manager-master-final\micro-manager-master\TestDeviceAdapters\mmgr-FW103H\ThorlabsFW103H.vcxproj" (build target(s)).

Build succeeded.

Time Elapsed 00:00:04.96
